[0m16:59:28.983093 [debug] [MainThread]: Sending event: {'category': 'dbt', 'action': 'invocation', 'label': 'start', 'context': [<snowplow_tracker.self_describing_json.SelfDescribingJson object at 0x00000180F89F5580>, <snowplow_tracker.self_describing_json.SelfDescribingJson object at 0x00000180F9172F00>, <snowplow_tracker.self_describing_json.SelfDescribingJson object at 0x00000180F9172D80>]}


============================== 16:59:28.996087 | b773deac-70fd-4a3e-9b47-81e89a21c675 ==============================
[0m16:59:28.996087 [info ] [MainThread]: Running with dbt=1.6.0
[0m16:59:28.999085 [debug] [MainThread]: running dbt with arguments {'printer_width': '80', 'indirect_selection': 'eager', 'log_cache_events': 'False', 'write_json': 'True', 'partial_parse': 'True', 'cache_selected_only': 'False', 'profiles_dir': 'C:\\Users\\felix\\.dbt', 'fail_fast': 'False', 'warn_error': 'None', 'log_path': 'logs', 'debug': 'False', 'version_check': 'True', 'use_colors': 'True', 'use_experimental_parser': 'False', 'no_print': 'None', 'quiet': 'False', 'log_format': 'default', 'static_parser': 'True', 'introspect': 'True', 'warn_error_options': 'WarnErrorOptions(include=[], exclude=[])', 'target_path': 'None', 'invocation_command': 'dbt init', 'send_anonymous_usage_stats': 'True'}
[0m16:59:29.002082 [warn ] [MainThread]: [ConfigFolderDirectory]: Unable to parse dict {'dir': WindowsPath('C:/Users/felix/.dbt')}
[0m16:59:29.005082 [info ] [MainThread]: Creating dbt configuration folder at 
[0m16:59:45.419791 [debug] [MainThread]: Starter project path: C:\project2\env\Lib\site-packages\dbt\include\starter_project
[0m16:59:45.522729 [info ] [MainThread]: 
Your new dbt project "first_dw" was created!

For more information on how to configure the profiles.yml file,
please consult the dbt documentation here:

  https://docs.getdbt.com/docs/configure-your-profile

One more thing:

Need help? Don't hesitate to reach out to us via GitHub issues or on Slack:

  https://community.getdbt.com/

Happy modeling!

[0m16:59:45.528726 [info ] [MainThread]: Setting up your profile.
[0m16:59:53.076404 [info ] [MainThread]: Profile first_dw written to C:\Users\felix\.dbt\profiles.yml using target's sample configuration. Once updated, you'll be able to start developing with dbt.
[0m16:59:53.082400 [debug] [MainThread]: Command `dbt init` succeeded at 16:59:53.082400 after 24.18 seconds
[0m16:59:53.085398 [debug] [MainThread]: Sending event: {'category': 'dbt', 'action': 'invocation', 'label': 'end', 'context': [<snowplow_tracker.self_describing_json.SelfDescribingJson object at 0x00000180F89F5580>, <snowplow_tracker.self_describing_json.SelfDescribingJson object at 0x00000180F90E3CE0>, <snowplow_tracker.self_describing_json.SelfDescribingJson object at 0x00000180F8E470E0>]}
[0m16:59:53.087397 [debug] [MainThread]: Flushing usage events
